<?xml version="1.0" encoding="UTF-8"?>
<!-- Generated by org.testng.reporters.JUnitXMLReporter -->
<testsuite hostname="DESKTOP-K4H8VJG" ignored="0" name="Surefire test" tests="6" failures="1" timestamp="25 Jan 2023 16:49:57 GMT" time="107.614" errors="0">
  <testcase name="loginErrorValidation" time="0.826" classname="MallulaAcadamytests.ErrorValidationTest">
    <skipped/>
  </testcase> <!-- loginErrorValidation -->
  <testcase name="loginErrorValidation" time="0.741" classname="MallulaAcadamytests.ErrorValidationTest">
    <failure type="java.lang.AssertionError" message="expected [Incorrect email or password.] but found [Incorrect email password.]">
      <![CDATA[java.lang.AssertionError: expected [Incorrect email or password.] but found [Incorrect email password.]
at MallulaAcadamytests.ErrorValidationTest.loginErrorValidation(ErrorValidationTest.java:20)
... Removed 36 stack frames]]>
    </failure>
  </testcase> <!-- loginErrorValidation -->
  <testcase name="productErrorValidation" time="4.914" classname="MallulaAcadamytests.ErrorValidationTest"/>
  <testcase name="test" time="7.62" classname="MallulaAcadamytests.StandAloneTest"/>
  <testcase name="test" time="5.645" classname="MallulaAcadamytests.StandAloneTest"/>
  <testcase name="verifyOrderHystory" time="1.31" classname="MallulaAcadamytests.StandAloneTest"/>
</testsuite> <!-- Surefire test -->
