<?xml version="1.0" encoding="UTF-8"?>
<!-- Generated by org.testng.reporters.JUnitXMLReporter -->
<testsuite ignored="0" hostname="DESKTOP-K4H8VJG" failures="0" tests="3" name="Test" time="40.453" errors="0" timestamp="24 Jan 2023 16:11:24 GMT">
  <testcase classname="MallulaAcadamytests.StandAloneTest" name="test" time="8.355"/>
  <testcase classname="MallulaAcadamytests.StandAloneTest" name="test" time="8.221"/>
  <testcase classname="MallulaAcadamytests.StandAloneTest" name="verifyOrderHystory" time="1.257"/>
</testsuite> <!-- Test -->
