<?xml version="1.0" encoding="UTF-8"?>
<!-- Generated by org.testng.reporters.JUnitXMLReporter -->
<testsuite ignored="0" hostname="DESKTOP-K4H8VJG" failures="1" tests="3" name="Test1" time="37.113" errors="0" timestamp="24 Jan 2023 16:11:21 GMT">
  <testcase classname="MallulaAcadamytests.ErrorValidationTest" name="loginErrorValidation" time="2.486">
    <skipped/>
  </testcase> <!-- loginErrorValidation -->
  <testcase classname="MallulaAcadamytests.ErrorValidationTest" name="loginErrorValidation" time="1.003">
    <failure type="java.lang.AssertionError" message="expected [Incorrect email or password.] but found [Incorrect email password.]">
      <![CDATA[java.lang.AssertionError: expected [Incorrect email or password.] but found [Incorrect email password.]
at MallulaAcadamytests.ErrorValidationTest.loginErrorValidation(ErrorValidationTest.java:20)
at java.base/java.util.concurrent.FutureTask.run(FutureTask.java:264)
at java.base/java.util.concurrent.ThreadPoolExecutor.runWorker(ThreadPoolExecutor.java:1130)
at java.base/java.util.concurrent.ThreadPoolExecutor$Worker.run(ThreadPoolExecutor.java:630)
at java.base/java.lang.Thread.run(Thread.java:831)
... Removed 22 stack frames]]>
    </failure>
  </testcase> <!-- loginErrorValidation -->
  <testcase classname="MallulaAcadamytests.ErrorValidationTest" name="productErrorValidation" time="5.062"/>
</testsuite> <!-- Test1 -->
