<?xml version="1.0" encoding="UTF-8"?>
<testng-results ignored="0" total="1" passed="1" failed="0" skipped="0">
  <reporter-output>
  </reporter-output>
  <suite started-at="2023-01-27T09:21:19Z" name="Default suite" finished-at="2023-01-27T09:21:44Z" duration-ms="24723">
    <groups>
      <group name="cucumber">
        <method signature="AbstractTestNGCucumberTests.runScenario(io.cucumber.testng.PickleWrapper, io.cucumber.testng.FeatureWrapper)[pri:0, instance:TestRunner.TestNgTestRunner@61fe30]" name="runScenario" class="io.cucumber.testng.AbstractTestNGCucumberTests"/>
      </group> <!-- cucumber -->
    </groups>
    <test started-at="2023-01-27T09:21:19Z" name="Default test" finished-at="2023-01-27T09:21:44Z" duration-ms="24723">
      <class name="TestRunner.TestNgTestRunner">
        <test-method is-config="true" signature="setUpClass(org.testng.ITestContext)[pri:0, instance:TestRunner.TestNgTestRunner@61fe30]" started-at="2023-01-27T09:21:19Z" name="setUpClass" finished-at="2023-01-27T09:21:21Z" duration-ms="2217" status="PASS">
          <params>
            <param index="0">
              <value>
                <![CDATA[org.testng.TestRunner@6839203b]]>
              </value>
            </param>
          </params>
          <reporter-output>
          </reporter-output>
        </test-method> <!-- setUpClass -->
        <test-method signature="runScenario(io.cucumber.testng.PickleWrapper, io.cucumber.testng.FeatureWrapper)[pri:0, instance:TestRunner.TestNgTestRunner@61fe30]" started-at="2023-01-27T09:21:21Z" name="runScenario" description="Runs Cucumber Scenarios" data-provider="scenarios" finished-at="2023-01-27T09:21:44Z" duration-ms="22179" status="PASS">
          <params>
            <param index="0">
              <value>
                <![CDATA["purchase a order with the selected product"]]>
              </value>
            </param>
            <param index="1">
              <value>
                <![CDATA["Title of your feature"]]>
              </value>
            </param>
          </params>
          <reporter-output>
          </reporter-output>
        </test-method> <!-- runScenario -->
        <test-method is-config="true" signature="tearDownClass()[pri:0, instance:TestRunner.TestNgTestRunner@61fe30]" started-at="2023-01-27T09:21:44Z" name="tearDownClass" finished-at="2023-01-27T09:21:44Z" duration-ms="239" status="PASS">
          <reporter-output>
          </reporter-output>
        </test-method> <!-- tearDownClass -->
      </class> <!-- TestRunner.TestNgTestRunner -->
    </test> <!-- Default test -->
  </suite> <!-- Default suite -->
</testng-results>
