<?xml version="1.0" encoding="UTF-8"?>
<!-- Generated by org.testng.reporters.JUnitXMLReporter -->
<testsuite hostname="DESKTOP-K4H8VJG" ignored="0" name="Test" tests="3" failures="0" timestamp="25 Jan 2023 17:55:47 GMT" time="325.513" errors="0">
  <testcase name="test" time="8.069" classname="MallulaAcadamytests.StandAloneTest"/>
  <testcase name="test" time="7.279" classname="MallulaAcadamytests.StandAloneTest"/>
  <testcase name="verifyOrderHystory" time="1.795" classname="MallulaAcadamytests.StandAloneTest"/>
</testsuite> <!-- Test -->
