<?xml version="1.0" encoding="UTF-8"?>
<!-- Generated by org.testng.reporters.JUnitXMLReporter -->
<testsuite hostname="DESKTOP-K4H8VJG" ignored="0" name="Test1" tests="3" failures="1" timestamp="25 Jan 2023 17:55:43 GMT" time="321.233" errors="0">
  <testcase name="loginErrorValidation" time="1.131" classname="MallulaAcadamytests.ErrorValidationTest">
    <skipped/>
  </testcase> <!-- loginErrorValidation -->
  <testcase name="loginErrorValidation" time="1.51" classname="MallulaAcadamytests.ErrorValidationTest">
    <failure type="java.lang.AssertionError" message="expected [Incorrect email or password.] but found [Incorrect email password.]">
      <![CDATA[java.lang.AssertionError: expected [Incorrect email or password.] but found [Incorrect email password.]
at MallulaAcadamytests.ErrorValidationTest.loginErrorValidation(ErrorValidationTest.java:20)
at java.util.concurrent.FutureTask.run(FutureTask.java:266)
at java.util.concurrent.ThreadPoolExecutor.runWorker(ThreadPoolExecutor.java:1149)
at java.util.concurrent.ThreadPoolExecutor$Worker.run(ThreadPoolExecutor.java:624)
at java.lang.Thread.run(Thread.java:748)
... Removed 22 stack frames]]>
    </failure>
  </testcase> <!-- loginErrorValidation -->
  <testcase name="productErrorValidation" time="5.781" classname="MallulaAcadamytests.ErrorValidationTest"/>
</testsuite> <!-- Test1 -->
